<?xml version="1.0" encoding="UTF-8"?>
<testng-results ignored="0" total="1" passed="1" failed="0" skipped="0">
  <reporter-output>
  </reporter-output>
  <suite started-at="2022-06-05T22:32:49 ART" name="TestSuite" finished-at="2022-06-05T22:33:12 ART" duration-ms="23134">
    <groups>
    </groups>
    <test started-at="2022-06-05T22:32:49 ART" name="CHROME" finished-at="2022-06-05T22:33:12 ART" duration-ms="23134">
      <class name="com.generatedata.generatedataTest">
        <test-method is-config="true" signature="beforeTest(java.lang.String,java.lang.String)[pri:0, instance:com.generatedata.generatedataTest@659499f1]" started-at="2022-06-05T22:32:49 ART" name="beforeTest" finished-at="2022-06-05T22:32:51 ART" duration-ms="1747" status="PASS">
          <params>
            <param index="0">
              <value>
                <![CDATA[CHROME]]>
              </value>
            </param>
            <param index="1">
              <value>
                <![CDATA[http://localhost:4444/wd/hub]]>
              </value>
            </param>
          </params>
          <reporter-output>
          </reporter-output>
        </test-method> <!-- beforeTest -->
        <test-method is-config="true" signature="beforeClass()[pri:0, instance:com.generatedata.generatedataTest@659499f1]" started-at="2022-06-05T22:32:51 ART" name="beforeClass" finished-at="2022-06-05T22:32:51 ART" duration-ms="0" status="PASS">
          <reporter-output>
          </reporter-output>
        </test-method> <!-- beforeClass -->
        <test-method signature="datatest()[pri:0, instance:com.generatedata.generatedataTest@659499f1]" started-at="2022-06-05T22:32:51 ART" name="datatest" finished-at="2022-06-05T22:33:12 ART" duration-ms="21125" status="PASS">
          <reporter-output>
          </reporter-output>
        </test-method> <!-- datatest -->
        <test-method is-config="true" signature="tearDown()[pri:0, instance:com.generatedata.generatedataTest@659499f1]" started-at="2022-06-05T22:33:12 ART" name="tearDown" finished-at="2022-06-05T22:33:12 ART" duration-ms="230" status="PASS">
          <reporter-output>
          </reporter-output>
        </test-method> <!-- tearDown -->
      </class> <!-- com.generatedata.generatedataTest -->
    </test> <!-- CHROME -->
  </suite> <!-- TestSuite -->
</testng-results>
