<?xml version="1.0" encoding="UTF-8"?>
<!-- Generated by org.testng.reporters.JUnitXMLReporter -->
<testsuite ignored="0" hostname="elzevir-N56VB" failures="1" tests="1" name="ANDROID-CH" time="55.056" errors="0" timestamp="2022-08-09T13:35:54 ART">
  <testcase classname="com.generatedata.generatedataTest" name="datatest" time="38.635">
    <failure type="org.openqa.selenium.TimeoutException" message="Expected condition failed: waiting for visibility of element located by By.xpath: //span[contains(text(), &amp;apos;cancelar&amp;apos;)] (tried for 10 second(s) with 500 milliseconds interval)
Build info: version: &amp;apos;4.3.0&amp;apos;, revision: &amp;apos;a4995e2c09*&amp;apos;
System info: host: &amp;apos;elzevir-N56VB&amp;apos;, ip: &amp;apos;127.0.1.1&amp;apos;, os.name: &amp;apos;Linux&amp;apos;, os.arch: &amp;apos;amd64&amp;apos;, os.version: &amp;apos;5.4.0-122-generic&amp;apos;, java.version: &amp;apos;17.0.4&amp;apos;
Driver info: io.appium.java_client.android.AndroidDriver
Capabilities {appium:adbExecTimeout: 150000, appium:appActivity: com.google.android.apps.chr..., appium:appPackage: com.android.chrome, appium:automationName: UiAutomator2, appium:chromedriverExecutable: /home/WebDriver/chromedriver, appium:chromedriverUseSystemExecutable: true, appium:databaseEnabled: false, appium:desired: {adbExecTimeout: 150000, automationName: UiAutomator2, browserName: chrome, chromedriverExecutable: /home/WebDriver/chromedriver, chromedriverUseSystemExecutable: true, deviceName: SM-J71MN, goog:chromeOptions: {args: [], extensions: []}, newCommandTimeout: 60, platformName: android, platformVersion: 8.1.0, udid: 52032936c0e08321}, appium:deviceApiLevel: 27, appium:deviceManufacturer: samsung, appium:deviceModel: SM-J710MN, appium:deviceName: 52032936c0e08321, appium:deviceScreenDensity: 320, appium:deviceScreenSize: 720x1280, appium:deviceUDID: 52032936c0e08321, appium:javascriptEnabled: true, appium:locationContextEnabled: false, appium:networkConnectionEnabled: true, appium:newCommandTimeout: 60, appium:pixelRatio: 2, appium:platformVersion: 8.1.0, appium:statBarHeight: 48, appium:takesScreenshot: true, appium:udid: 52032936c0e08321, appium:viewportRect: {height: 1232, left: 0, top: 48, width: 720}, appium:warnings: {}, appium:webStorageEnabled: false, browserName: chrome, goog:chromeOptions: {args: [], extensions: []}, platformName: ANDROID}
Session ID: 76e35431-bed4-4e6b-8f24-90babf88259f">
      <![CDATA[org.openqa.selenium.TimeoutException: Expected condition failed: waiting for visibility of element located by By.xpath: //span[contains(text(), 'cancelar')] (tried for 10 second(s) with 500 milliseconds interval)
Build info: version: '4.3.0', revision: 'a4995e2c09*'
System info: host: 'elzevir-N56VB', ip: '127.0.1.1', os.name: 'Linux', os.arch: 'amd64', os.version: '5.4.0-122-generic', java.version: '17.0.4'
Driver info: io.appium.java_client.android.AndroidDriver
Capabilities {appium:adbExecTimeout: 150000, appium:appActivity: com.google.android.apps.chr..., appium:appPackage: com.android.chrome, appium:automationName: UiAutomator2, appium:chromedriverExecutable: /home/WebDriver/chromedriver, appium:chromedriverUseSystemExecutable: true, appium:databaseEnabled: false, appium:desired: {adbExecTimeout: 150000, automationName: UiAutomator2, browserName: chrome, chromedriverExecutable: /home/WebDriver/chromedriver, chromedriverUseSystemExecutable: true, deviceName: SM-J71MN, goog:chromeOptions: {args: [], extensions: []}, newCommandTimeout: 60, platformName: android, platformVersion: 8.1.0, udid: 52032936c0e08321}, appium:deviceApiLevel: 27, appium:deviceManufacturer: samsung, appium:deviceModel: SM-J710MN, appium:deviceName: 52032936c0e08321, appium:deviceScreenDensity: 320, appium:deviceScreenSize: 720x1280, appium:deviceUDID: 52032936c0e08321, appium:javascriptEnabled: true, appium:locationContextEnabled: false, appium:networkConnectionEnabled: true, appium:newCommandTimeout: 60, appium:pixelRatio: 2, appium:platformVersion: 8.1.0, appium:statBarHeight: 48, appium:takesScreenshot: true, appium:udid: 52032936c0e08321, appium:viewportRect: {height: 1232, left: 0, top: 48, width: 720}, appium:warnings: {}, appium:webStorageEnabled: false, browserName: chrome, goog:chromeOptions: {args: [], extensions: []}, platformName: ANDROID}
Session ID: 76e35431-bed4-4e6b-8f24-90babf88259f
at org.openqa.selenium.support.ui.WebDriverWait.timeoutException(WebDriverWait.java:87)
at org.openqa.selenium.support.ui.FluentWait.until(FluentWait.java:231)
at pageModel.Base.esperarElemento(Base.java:49)
at pageModel.GeneratorGD.clickbtnGenerate(GeneratorGD.java:48)
at com.generatedata.generatedataTest.datatest(generatedataTest.java:78)
at java.base/java.util.ArrayList.forEach(ArrayList.java:1511)
at java.base/java.util.concurrent.FutureTask.run(FutureTask.java:264)
at java.base/java.util.concurrent.ThreadPoolExecutor.runWorker(ThreadPoolExecutor.java:1136)
at java.base/java.util.concurrent.ThreadPoolExecutor$Worker.run(ThreadPoolExecutor.java:635)
at java.base/java.lang.Thread.run(Thread.java:833)
... Removed 18 stack frames]]>
    </failure>
  </testcase> <!-- datatest -->
</testsuite> <!-- ANDROID-CH -->
