<?xml version="1.0" encoding="UTF-8"?>
<!-- Generated by org.testng.reporters.JUnitXMLReporter -->
<testsuite ignored="0" hostname="elzevir-N56VB" failures="1" tests="1" name="ANDROID-CHROME" time="14.686" errors="0" timestamp="2022-06-21T00:25:25 ART">
  <testcase classname="com.generatedata.generatedataTest" name="@AfterTest tearDown" time="0.071">
    <failure type="org.openqa.selenium.UnsupportedCommandException" message="The requested resource could not be found, or a request was received using an HTTP method that is not supported by the mapped resource
Build info: version: &amp;apos;4.2.2&amp;apos;, revision: &amp;apos;683ccb65d6&amp;apos;
System info: host: &amp;apos;elzevir-N56VB&amp;apos;, ip: &amp;apos;127.0.1.1&amp;apos;, os.name: &amp;apos;Linux&amp;apos;, os.arch: &amp;apos;amd64&amp;apos;, os.version: &amp;apos;5.4.0-120-generic&amp;apos;, java.version: &amp;apos;17.0.2&amp;apos;
Driver info: io.appium.java_client.AppiumDriver
Command: [709270e4-ef2c-4a77-b9d6-bdad590df6d4, close {}]
Capabilities {appium:adbExecTimeout: 60000, appium:appActivity: com.google.android.apps.chr..., appium:appPackage: com.android.chrome, appium:automationName: UiAutomator2, appium:databaseEnabled: false, appium:desired: {adbExecTimeout: 60000, appActivity: com.google.android.apps.chr..., appPackage: com.android.chrome, automationName: UiAutomator2, deviceName: SM-J71MN, newCommandTimeout: 60, platformName: android, platformVersion: 8.1.0, udid: 52032936c0e08321, unlockKey: 1526}, appium:deviceApiLevel: 27, appium:deviceManufacturer: samsung, appium:deviceModel: SM-J710MN, appium:deviceName: 52032936c0e08321, appium:deviceScreenDensity: 320, appium:deviceScreenSize: 720x1280, appium:deviceUDID: 52032936c0e08321, appium:javascriptEnabled: true, appium:locationContextEnabled: false, appium:networkConnectionEnabled: true, appium:newCommandTimeout: 60, appium:pixelRatio: 2, appium:platformVersion: 8.1.0, appium:statBarHeight: 48, appium:takesScreenshot: true, appium:udid: 52032936c0e08321, appium:unlockKey: 1526, appium:viewportRect: {height: 1232, left: 0, top: 48, width: 720}, appium:warnings: {}, appium:webStorageEnabled: false, platformName: ANDROID}
Session ID: 709270e4-ef2c-4a77-b9d6-bdad590df6d4">
      <![CDATA[org.openqa.selenium.UnsupportedCommandException: The requested resource could not be found, or a request was received using an HTTP method that is not supported by the mapped resource
Build info: version: '4.2.2', revision: '683ccb65d6'
System info: host: 'elzevir-N56VB', ip: '127.0.1.1', os.name: 'Linux', os.arch: 'amd64', os.version: '5.4.0-120-generic', java.version: '17.0.2'
Driver info: io.appium.java_client.AppiumDriver
Command: [709270e4-ef2c-4a77-b9d6-bdad590df6d4, close {}]
Capabilities {appium:adbExecTimeout: 60000, appium:appActivity: com.google.android.apps.chr..., appium:appPackage: com.android.chrome, appium:automationName: UiAutomator2, appium:databaseEnabled: false, appium:desired: {adbExecTimeout: 60000, appActivity: com.google.android.apps.chr..., appPackage: com.android.chrome, automationName: UiAutomator2, deviceName: SM-J71MN, newCommandTimeout: 60, platformName: android, platformVersion: 8.1.0, udid: 52032936c0e08321, unlockKey: 1526}, appium:deviceApiLevel: 27, appium:deviceManufacturer: samsung, appium:deviceModel: SM-J710MN, appium:deviceName: 52032936c0e08321, appium:deviceScreenDensity: 320, appium:deviceScreenSize: 720x1280, appium:deviceUDID: 52032936c0e08321, appium:javascriptEnabled: true, appium:locationContextEnabled: false, appium:networkConnectionEnabled: true, appium:newCommandTimeout: 60, appium:pixelRatio: 2, appium:platformVersion: 8.1.0, appium:statBarHeight: 48, appium:takesScreenshot: true, appium:udid: 52032936c0e08321, appium:unlockKey: 1526, appium:viewportRect: {height: 1232, left: 0, top: 48, width: 720}, appium:warnings: {}, appium:webStorageEnabled: false, platformName: ANDROID}
Session ID: 709270e4-ef2c-4a77-b9d6-bdad590df6d4
at org.openqa.selenium.remote.codec.w3c.W3CHttpResponseCodec.createException(W3CHttpResponseCodec.java:200)
at org.openqa.selenium.remote.codec.w3c.W3CHttpResponseCodec.decode(W3CHttpResponseCodec.java:133)
at org.openqa.selenium.remote.codec.w3c.W3CHttpResponseCodec.decode(W3CHttpResponseCodec.java:53)
at org.openqa.selenium.remote.HttpCommandExecutor.execute(HttpCommandExecutor.java:184)
at io.appium.java_client.remote.AppiumCommandExecutor.execute(AppiumCommandExecutor.java:180)
at org.openqa.selenium.remote.RemoteWebDriver.execute(RemoteWebDriver.java:588)
at org.openqa.selenium.remote.RemoteWebDriver.execute(RemoteWebDriver.java:643)
at io.appium.java_client.AppiumDriver.execute(AppiumDriver.java:267)
at org.openqa.selenium.remote.RemoteWebDriver.close(RemoteWebDriver.java:473)
at driver.BrowserFactory.removeDriver(BrowserFactory.java:148)
at com.generatedata.generatedataTest.tearDown(generatedataTest.java:98)
at java.base/java.util.concurrent.FutureTask.run(FutureTask.java:264)
at java.base/java.util.concurrent.ThreadPoolExecutor.runWorker(ThreadPoolExecutor.java:1136)
at java.base/java.util.concurrent.ThreadPoolExecutor$Worker.run(ThreadPoolExecutor.java:635)
at java.base/java.lang.Thread.run(Thread.java:833)
... Removed 20 stack frames]]>
    </failure>
  </testcase> <!-- @AfterTest tearDown -->
  <testcase classname="com.generatedata.generatedataTest" name="datatest" time="0.036">
    <failure type="java.lang.NullPointerException" message="Cannot invoke &amp;quot;org.openqa.selenium.WebDriver.get(String)&amp;quot; because &amp;quot;this.driver&amp;quot; is null">
      <![CDATA[java.lang.NullPointerException: Cannot invoke "org.openqa.selenium.WebDriver.get(String)" because "this.driver" is null
at pageModel.Base.navegar(Base.java:43)
at com.generatedata.generatedataTest.datatest(generatedataTest.java:31)
at java.base/java.util.ArrayList.forEach(ArrayList.java:1511)
at java.base/java.util.concurrent.FutureTask.run(FutureTask.java:264)
at java.base/java.util.concurrent.ThreadPoolExecutor.runWorker(ThreadPoolExecutor.java:1136)
at java.base/java.util.concurrent.ThreadPoolExecutor$Worker.run(ThreadPoolExecutor.java:635)
at java.base/java.lang.Thread.run(Thread.java:833)
... Removed 18 stack frames]]>
    </failure>
  </testcase> <!-- datatest -->
</testsuite> <!-- ANDROID-CHROME -->
